<?xml version="1.0" encoding="UTF-8"?>
<!-- Generated by org.testng.reporters.JUnitReportReporter -->
<testsuite hostname="SATTVA" name="tests.TestDir.SomeTestThree" tests="2" failures="0" timestamp="18 Jun 2016 16:58:35 GMT" time="0.000" errors="0">
  <testcase name="test6" time="0.000" classname="tests.TestDir.SomeTestThree"/>
  <testcase name="test5" time="0.000" classname="tests.TestDir.SomeTestThree"/>
</testsuite> <!-- tests.TestDir.SomeTestThree -->
