<?xml version="1.0" encoding="UTF-8"?>
<!-- Generated by org.testng.reporters.JUnitReportReporter -->
<testsuite hostname="SATTVA" name="tests.TestDir.SomeTestTwo" tests="2" failures="0" timestamp="18 Jun 2016 16:58:35 GMT" time="0.001" errors="0">
  <testcase name="test3" time="0.001" classname="tests.TestDir.SomeTestTwo"/>
  <testcase name="test4" time="0.000" classname="tests.TestDir.SomeTestTwo"/>
</testsuite> <!-- tests.TestDir.SomeTestTwo -->
