<?xml version="1.0" encoding="UTF-8"?>
<!-- Generated by org.testng.reporters.JUnitReportReporter -->
<testsuite hostname="SATTVA" name="tests.TestDir.SomeTest" tests="3" failures="0" timestamp="18 Jun 2016 17:00:57 GMT" time="0.008" errors="0">
  <testcase name="anotherTest" time="0.008" classname="tests.TestDir.SomeTest"/>
  <testcase name="test1" time="0.000" classname="tests.TestDir.SomeTest"/>
  <testcase name="test2" time="0.000" classname="tests.TestDir.SomeTest"/>
</testsuite> <!-- tests.TestDir.SomeTest -->
